<?xml version="1.0" encoding="UTF-8"?>
<!-- Generated by org.testng.reporters.JUnitXMLReporter -->
<testsuite hostname="Hasee-PC" ignored="0" name="Default test" tests="4" failures="0" timestamp="28 九月 2018 14:02:25 GMT" time="0.072" errors="0">
  <testcase name="test1" time="0.008" classname="practiveDay01.PractiveDay01Testng"/>
  <testcase name="test2" time="0.002" classname="practiveDay01.PractiveDay01Testng"/>
  <testcase name="test3" time="0.002" classname="practiveDay01.PractiveDay01Testng"/>
  <testcase name="test4" time="0.001" classname="practiveDay01.PractiveDay01Testng"/>
</testsuite> <!-- Default test -->
