<?xml version="1.0" encoding="UTF-8"?>
<testng-results skipped="0" failed="0" ignored="2" total="4" passed="2">
  <reporter-output>
  </reporter-output>
  <suite name="Suite3" duration-ms="33016" started-at="2018-10-06T02:22:52Z" finished-at="2018-10-06T02:23:25Z">
    <groups>
      <group name="submodule1">
        <method signature="MutipleBrowsersTest.submodule1()[pri:0, instance:practicetwo.MutipleBrowsersTest@2a556333]" name="submodule1" class="practicetwo.MutipleBrowsersTest"/>
      </group> <!-- submodule1 -->
      <group name="submodule3">
        <method signature="MutipleBrowsersTest.submodule3()[pri:0, instance:practicetwo.MutipleBrowsersTest@2a556333]" name="submodule3" class="practicetwo.MutipleBrowsersTest"/>
      </group> <!-- submodule3 -->
    </groups>
    <test name="practivetwo" duration-ms="33016" started-at="2018-10-06T02:22:52Z" finished-at="2018-10-06T02:23:25Z">
      <class name="practicetwo.MutipleBrowsersTest">
        <test-method status="PASS" signature="inital()[pri:0, instance:practicetwo.MutipleBrowsersTest@2a556333]" name="inital" is-config="true" duration-ms="11326" started-at="2018-10-06T02:22:52Z" finished-at="2018-10-06T02:23:03Z">
          <reporter-output>
          </reporter-output>
        </test-method> <!-- inital -->
        <test-method status="PASS" signature="submodule1()[pri:0, instance:practicetwo.MutipleBrowsersTest@2a556333]" name="submodule1" duration-ms="1372" started-at="2018-10-06T02:23:03Z" finished-at="2018-10-06T02:23:05Z">
          <reporter-output>
          </reporter-output>
        </test-method> <!-- submodule1 -->
        <test-method status="PASS" signature="release()[pri:0, instance:practicetwo.MutipleBrowsersTest@2a556333]" name="release" is-config="true" duration-ms="1293" started-at="2018-10-06T02:23:05Z" finished-at="2018-10-06T02:23:06Z">
          <reporter-output>
          </reporter-output>
        </test-method> <!-- release -->
        <test-method status="PASS" signature="inital()[pri:0, instance:practicetwo.MutipleBrowsersTest@2a556333]" name="inital" is-config="true" duration-ms="5238" started-at="2018-10-06T02:23:06Z" finished-at="2018-10-06T02:23:11Z">
          <reporter-output>
          </reporter-output>
        </test-method> <!-- inital -->
        <test-method status="PASS" signature="submodule3()[pri:0, instance:practicetwo.MutipleBrowsersTest@2a556333]" name="submodule3" duration-ms="12412" started-at="2018-10-06T02:23:11Z" finished-at="2018-10-06T02:23:24Z">
          <reporter-output>
          </reporter-output>
        </test-method> <!-- submodule3 -->
        <test-method status="PASS" signature="release()[pri:0, instance:practicetwo.MutipleBrowsersTest@2a556333]" name="release" is-config="true" duration-ms="1336" started-at="2018-10-06T02:23:24Z" finished-at="2018-10-06T02:23:25Z">
          <reporter-output>
          </reporter-output>
        </test-method> <!-- release -->
      </class> <!-- practicetwo.MutipleBrowsersTest -->
    </test> <!-- practivetwo -->
  </suite> <!-- Suite3 -->
</testng-results>
