<?xml version="1.0" encoding="UTF-8"?>
<testng-results skipped="0" failed="0" ignored="0" total="4" passed="4">
  <reporter-output>
  </reporter-output>
  <suite name="Default suite" duration-ms="72" started-at="2018-09-28T14:02:25Z" finished-at="2018-09-28T14:02:25Z">
    <groups>
    </groups>
    <test name="Default test" duration-ms="72" started-at="2018-09-28T14:02:25Z" finished-at="2018-09-28T14:02:25Z">
      <class name="practiveDay01.PractiveDay01Testng">
        <test-method status="PASS" signature="beforeTest()[pri:0, instance:practiveDay01.PractiveDay01Testng@78e67e0a]" name="beforeTest" is-config="true" duration-ms="16" started-at="2018-09-28T14:02:25Z" finished-at="2018-09-28T14:02:25Z">
          <reporter-output>
          </reporter-output>
        </test-method> <!-- beforeTest -->
        <test-method status="PASS" signature="beforeClass()[pri:0, instance:practiveDay01.PractiveDay01Testng@78e67e0a]" name="beforeClass" is-config="true" duration-ms="1" started-at="2018-09-28T14:02:25Z" finished-at="2018-09-28T14:02:25Z">
          <reporter-output>
          </reporter-output>
        </test-method> <!-- beforeClass -->
        <test-method status="PASS" signature="test1()[pri:0, instance:practiveDay01.PractiveDay01Testng@78e67e0a]" name="test1" duration-ms="8" started-at="2018-09-28T14:02:25Z" finished-at="2018-09-28T14:02:25Z">
          <reporter-output>
          </reporter-output>
        </test-method> <!-- test1 -->
        <test-method status="PASS" signature="beforeMethod()[pri:0, instance:practiveDay01.PractiveDay01Testng@78e67e0a]" name="beforeMethod" is-config="true" duration-ms="0" started-at="2018-09-28T14:02:25Z" finished-at="2018-09-28T14:02:25Z">
          <reporter-output>
          </reporter-output>
        </test-method> <!-- beforeMethod -->
        <test-method status="PASS" signature="afterMethod()[pri:0, instance:practiveDay01.PractiveDay01Testng@78e67e0a]" name="afterMethod" is-config="true" duration-ms="0" started-at="2018-09-28T14:02:25Z" finished-at="2018-09-28T14:02:25Z">
          <reporter-output>
          </reporter-output>
        </test-method> <!-- afterMethod -->
        <test-method status="PASS" signature="beforeMethod()[pri:0, instance:practiveDay01.PractiveDay01Testng@78e67e0a]" name="beforeMethod" is-config="true" duration-ms="0" started-at="2018-09-28T14:02:25Z" finished-at="2018-09-28T14:02:25Z">
          <reporter-output>
          </reporter-output>
        </test-method> <!-- beforeMethod -->
        <test-method status="PASS" signature="test2()[pri:0, instance:practiveDay01.PractiveDay01Testng@78e67e0a]" name="test2" duration-ms="2" started-at="2018-09-28T14:02:25Z" finished-at="2018-09-28T14:02:25Z">
          <reporter-output>
          </reporter-output>
        </test-method> <!-- test2 -->
        <test-method status="PASS" signature="afterMethod()[pri:0, instance:practiveDay01.PractiveDay01Testng@78e67e0a]" name="afterMethod" is-config="true" duration-ms="1" started-at="2018-09-28T14:02:25Z" finished-at="2018-09-28T14:02:25Z">
          <reporter-output>
          </reporter-output>
        </test-method> <!-- afterMethod -->
        <test-method status="PASS" signature="beforeMethod()[pri:0, instance:practiveDay01.PractiveDay01Testng@78e67e0a]" name="beforeMethod" is-config="true" duration-ms="0" started-at="2018-09-28T14:02:25Z" finished-at="2018-09-28T14:02:25Z">
          <reporter-output>
          </reporter-output>
        </test-method> <!-- beforeMethod -->
        <test-method status="PASS" signature="test3()[pri:0, instance:practiveDay01.PractiveDay01Testng@78e67e0a]" name="test3" duration-ms="2" started-at="2018-09-28T14:02:25Z" finished-at="2018-09-28T14:02:25Z">
          <reporter-output>
          </reporter-output>
        </test-method> <!-- test3 -->
        <test-method status="PASS" signature="afterMethod()[pri:0, instance:practiveDay01.PractiveDay01Testng@78e67e0a]" name="afterMethod" is-config="true" duration-ms="0" started-at="2018-09-28T14:02:25Z" finished-at="2018-09-28T14:02:25Z">
          <reporter-output>
          </reporter-output>
        </test-method> <!-- afterMethod -->
        <test-method status="PASS" signature="beforeMethod()[pri:0, instance:practiveDay01.PractiveDay01Testng@78e67e0a]" name="beforeMethod" is-config="true" duration-ms="1" started-at="2018-09-28T14:02:25Z" finished-at="2018-09-28T14:02:25Z">
          <reporter-output>
          </reporter-output>
        </test-method> <!-- beforeMethod -->
        <test-method status="PASS" signature="test4()[pri:0, instance:practiveDay01.PractiveDay01Testng@78e67e0a]" name="test4" duration-ms="1" started-at="2018-09-28T14:02:25Z" finished-at="2018-09-28T14:02:25Z">
          <reporter-output>
          </reporter-output>
        </test-method> <!-- test4 -->
        <test-method status="PASS" signature="afterMethod()[pri:0, instance:practiveDay01.PractiveDay01Testng@78e67e0a]" name="afterMethod" is-config="true" duration-ms="0" started-at="2018-09-28T14:02:25Z" finished-at="2018-09-28T14:02:25Z">
          <reporter-output>
          </reporter-output>
        </test-method> <!-- afterMethod -->
        <test-method status="PASS" signature="afterClass()[pri:0, instance:practiveDay01.PractiveDay01Testng@78e67e0a]" name="afterClass" is-config="true" duration-ms="0" started-at="2018-09-28T14:02:25Z" finished-at="2018-09-28T14:02:25Z">
          <reporter-output>
          </reporter-output>
        </test-method> <!-- afterClass -->
        <test-method status="PASS" signature="afterTest()[pri:0, instance:practiveDay01.PractiveDay01Testng@78e67e0a]" name="afterTest" is-config="true" duration-ms="0" started-at="2018-09-28T14:02:25Z" finished-at="2018-09-28T14:02:25Z">
          <reporter-output>
          </reporter-output>
        </test-method> <!-- afterTest -->
      </class> <!-- practiveDay01.PractiveDay01Testng -->
    </test> <!-- Default test -->
  </suite> <!-- Default suite -->
</testng-results>
